⚠️ Error al consultar BBVA (1995-01-01): 426
⚠️ Error al consultar Santander (1995-01-01): 426
⚠️ Error al consultar IBEX (1995-01-01): 426
⚠️ Error al consultar Banco Central Europeo (1995-01-01): 426
⚠️ Error al consultar BBVA (1995-02-01): 426
⚠️ Error al consultar Santander (1995-02-01): 426
⚠️ Error al consultar IBEX (1995-02-01): 426
⚠️ Error al consultar Banco Central Europeo (1995-02-01): 426
⚠️ Error al consultar BBVA (1995-03-01): 426
⚠️ Error al consultar Santander (1995-03-01): 426
⚠️ Error al consultar IBEX (1995-03-01): 426
⚠️ Error al consultar Banco Central Europeo (1995-03-01): 426
⚠️ Error al consultar BBVA (1995-04-01): 426
⚠️ Error al consultar Santander (1995-04-01): 426
⚠️ Error al consultar IBEX (1995-04-01): 426
⚠️ Error al consultar Banco Central Europeo (1995-04-01): 426
⚠️ Error al consultar BBVA (1995-05-01): 426
⚠️ Error al consultar Santander (1995-05-01): 426
⚠️ Error al consultar IBEX (1995-05-01): 426
⚠️ Error al consultar Banco Central Europeo (1995-05-01): 426
⚠️ Error al consultar BBVA (1995-06-01): 426
⚠️ Error al consultar Santander (1995-06-01): 426
⚠️ Error al consultar IBEX (1995-06-01): 426
⚠️ Error al consultar Banco Central Europeo (1995-06-01): 426
⚠️ Error al consultar BBVA (1995-07-01): 426
⚠️ Error al consultar Santander (1995-07-01): 426
⚠️ Error al consultar IBEX (1995-07-01): 426
⚠️ Error al consultar Banco Central Europeo (1995-07-01): 426
⚠️ Error al consultar BBVA (1995-08-01): 426
⚠️ Error al consultar Santander (1995-08-01): 426
⚠️ Error al consultar IBEX (1995-08-01): 426
⚠️ Error al consultar Banco Central Europeo (1995-08-01): 426
⚠️ Error al consultar BBVA (1995-09-01): 426
⚠️ Error al consultar Santander (1995-09-01): 426
⚠️ Error al consultar IBEX (1995-09-01): 426
⚠️ Error al consultar Banco Central Europeo (1995-09-01): 426
⚠️ Error al consultar BBVA (1995-10-01): 426
⚠️ Error al consultar Santander (1995-10-01): 426
⚠️ Error al consultar IBEX (1995-10-01): 426
⚠️ Error al consultar Banco Central Europeo (1995-10-01): 426
⚠️ Error al consultar BBVA (1995-11-01): 426
⚠️ Error al consultar Santander (1995-11-01): 426
⚠️ Error al consultar IBEX (1995-11-01): 426
⚠️ Error al consultar Banco Central Europeo (1995-11-01): 429
⚠️ Error al consultar BBVA (1995-12-01): 429
⚠️ Error al consultar Santander (1995-12-01): 429
⚠️ Error al consultar IBEX (1995-12-01): 429
⚠️ Error al consultar Banco Central Europeo (1995-12-01): 429
⚠️ Error al consultar BBVA (1996-01-01): 429
⚠️ Error al consultar Santander (1996-01-01): 429
⚠️ Error al consultar IBEX (1996-01-01): 429
⚠️ Error al consultar Banco Central Europeo (1996-01-01): 429
⚠️ Error al consultar BBVA (1996-02-01): 429
⚠️ Error al consultar Santander (1996-02-01): 429
⚠️ Error al consultar IBEX (1996-02-01): 429
⚠️ Error al consultar Banco Central Europeo (1996-02-01): 429
⚠️ Error al consultar BBVA (1996-03-01): 429
⚠️ Error al consultar Santander (1996-03-01): 429
⚠️ Error al consultar IBEX (1996-03-01): 429
⚠️ Error al consultar Banco Central Europeo (1996-03-01): 429
⚠️ Error al consultar BBVA (1996-04-01): 429
⚠️ Error al consultar Santander (1996-04-01): 429
⚠️ Error al consultar IBEX (1996-04-01): 429
⚠️ Error al consultar Banco Central Europeo (1996-04-01): 429
⚠️ Error al consultar BBVA (1996-05-01): 429
⚠️ Error al consultar Santander (1996-05-01): 429
⚠️ Error al consultar IBEX (1996-05-01): 429
⚠️ Error al consultar Banco Central Europeo (1996-05-01): 429
⚠️ Error al consultar BBVA (1996-06-01): 429
⚠️ Error al consultar Santander (1996-06-01): 429
⚠️ Error al consultar IBEX (1996-06-01): 429
⚠️ Error al consultar Banco Central Europeo (1996-06-01): 429
⚠️ Error al consultar BBVA (1996-07-01): 429
⚠️ Error al consultar Santander (1996-07-01): 429
⚠️ Error al consultar IBEX (1996-07-01): 429
⚠️ Error al consultar Banco Central Europeo (1996-07-01): 429
⚠️ Error al consultar BBVA (2015-01-01): 429
⚠️ Error al consultar Santander (2015-01-01): 429
⚠️ Error al consultar IBEX (2015-01-01): 429
⚠️ Error al consultar Banco Central Europeo (2015-01-01): 429
⚠️ Error al consultar BBVA (2015-02-01): 429
⚠️ Error al consultar Santander (2015-02-01): 429
⚠️ Error al consultar IBEX (2015-02-01): 429
⚠️ Error al consultar Banco Central Europeo (2015-02-01): 429
⚠️ Error al consultar BBVA (2016-01-01): 429
⚠️ Error al consultar Santander (2016-01-01): 429
⚠️ Error al consultar IBEX (2016-01-01): 429
⚠️ Error al consultar Banco Central Europeo (2016-01-01): 429
⚠️ Error al consultar BBVA (2016-02-01): 429
⚠️ Error al consultar Santander (2016-02-01): 429
⚠️ Error al consultar IBEX (2016-02-01): 429
⚠️ Error al consultar Banco Central Europeo (2016-02-01): 429
⚠️ Error al consultar BBVA (2017-01-01): 429
⚠️ Error al consultar Santander (2017-01-01): 429
⚠️ Error al consultar IBEX (2017-01-01): 429
⚠️ Error al consultar Banco Central Europeo (2017-01-01): 429
⚠️ Error al consultar BBVA (2017-02-01): 429
⚠️ Error al consultar Santander (2017-02-01): 429
⚠️ Error al consultar IBEX (2017-02-01): 429
⚠️ Error al consultar Banco Central Europeo (2017-02-01): 429
⚠️ Error al consultar BBVA (2017-03-01): 429
⚠️ Error al consultar BBVA (2018-01-01): 429
⚠️ Error al consultar Santander (2018-01-01): 429
⚠️ Error al consultar IBEX (2018-01-01): 429
⚠️ Error al consultar Banco Central Europeo (2018-01-01): 429
⚠️ Error al consultar BBVA (2018-01-01): 429
⚠️ Error al consultar Santander (2018-01-01): 429
⚠️ Error al consultar BBVA (2019-01-01): 429
⚠️ Error al consultar Santander (2019-01-01): 429
⚠️ Error al consultar BBVA (2020-01-01): 429
⚠️ Error al consultar Santander (2020-01-01): 429
❌ Exception al consultar BBVA (2021-01-01): ('Connection aborted.', RemoteDisconnected('Remote end closed connection without response'))
⚠️ Error al consultar Santander (2021-01-01): 429
⚠️ Error al consultar IBEX (2021-01-01): 429
⚠️ Error al consultar Banco Central Europeo (2021-01-01): 429
